<?xml version="1.0" encoding="UTF-8"?>
<!-- Generated by org.testng.reporters.JUnitReportReporter -->
<testsuite hostname="NagArjun" failures="0" tests="2" name="infomax_Contact.CreateContactWithOrgTest" time="20.777" errors="1" timestamp="2022-10-04T12:32:35 IST" skipped="0">
  <testcase classname="infomax_Contact.CreateContactWithOrgTest" name="asConfig" time="4.918">
    <error message="Cannot invoke &quot;java.sql.Connection.close()&quot; because &quot;this.con&quot; is null" type="java.lang.NullPointerException">
      <![CDATA[java.lang.NullPointerException: Cannot invoke "java.sql.Connection.close()" because "this.con" is null
at exotica.GenericUtility.DatabaseUtility.closeDB(DatabaseUtility.java:34)
at exotica.GenericUtility.BaseClass.asConfig(BaseClass.java:104)
at java.base/jdk.internal.reflect.DirectMethodHandleAccessor.invoke(DirectMethodHandleAccessor.java:104)
at java.base/java.lang.reflect.Method.invoke(Method.java:577)
at org.testng.internal.MethodInvocationHelper.invokeMethod(MethodInvocationHelper.java:133)
at org.testng.internal.MethodInvocationHelper.invokeMethodConsideringTimeout(MethodInvocationHelper.java:62)
at org.testng.internal.ConfigInvoker.invokeConfigurationMethod(ConfigInvoker.java:385)
at org.testng.internal.ConfigInvoker.invokeConfigurations(ConfigInvoker.java:321)
at org.testng.SuiteRunner.privateRun(SuiteRunner.java:344)
at org.testng.SuiteRunner.run(SuiteRunner.java:276)
at org.testng.SuiteRunnerWorker.runSuite(SuiteRunnerWorker.java:53)
at org.testng.SuiteRunnerWorker.run(SuiteRunnerWorker.java:96)
at org.testng.TestNG.runSuitesSequentially(TestNG.java:1212)
at org.testng.TestNG.runSuitesLocally(TestNG.java:1134)
at org.testng.TestNG.runSuites(TestNG.java:1063)
at org.testng.TestNG.run(TestNG.java:1031)
at org.testng.remote.AbstractRemoteTestNG.run(AbstractRemoteTestNG.java:115)
at org.testng.remote.RemoteTestNG.initAndRun(RemoteTestNG.java:251)
at org.testng.remote.RemoteTestNG.main(RemoteTestNG.java:77)
]]>
    </error>
  </testcase> <!-- asConfig -->
  <system-out/>
  <testcase classname="infomax_Contact.CreateContactWithOrgTest" name="createContactWithOrgTest" time="15.859"/>
  <system-out/>
</testsuite> <!-- infomax_Contact.CreateContactWithOrgTest -->
