<?xml version="1.0" encoding="UTF-8"?>
<!-- Generated by org.testng.reporters.JUnitReportReporter -->
<testsuite hostname="NagArjun" failures="0" tests="2" name="exotica.practice.AssertionPractice" time="0.015" errors="0" timestamp="2022-12-14T08:57:32 IST" skipped="0">
  <testcase classname="exotica.practice.AssertionPractice" name="assertionTest" time="0.012"/>
  <system-out/>
  <testcase classname="exotica.practice.AssertionPractice" name="assertionTest2" time="0.003"/>
  <system-out/>
</testsuite> <!-- exotica.practice.AssertionPractice -->
