<?xml version="1.0" encoding="UTF-8"?>
<!-- Generated by org.testng.reporters.JUnitReportReporter -->
<testsuite hostname="NagArjun" failures="0" tests="1" name="exotica.practice.WebTableWithXPath" time="13.358" errors="0" timestamp="2022-09-22T11:41:32 IST" skipped="0">
  <testcase classname="exotica.practice.WebTableWithXPath" name="webTable" time="13.358"/>
  <system-out/>
</testsuite> <!-- exotica.practice.WebTableWithXPath -->
