<?xml version="1.0" encoding="UTF-8"?>
<!-- Generated by org.testng.reporters.JUnitReportReporter -->
<testsuite hostname="NagArjun" failures="0" tests="4" name="exotica.practice.DataProviderPractice" time="0.013" errors="0" timestamp="2022-09-02T18:16:10 IST" skipped="0">
  <testcase classname="exotica.practice.DataProviderPractice" name="addProductToCartTest" time="0.001"/>
  <system-out/>
  <testcase classname="exotica.practice.DataProviderPractice" name="addProductToCartTest" time="0.000"/>
  <system-out/>
  <testcase classname="exotica.practice.DataProviderPractice" name="addProductToCartTest" time="0.001"/>
  <system-out/>
  <testcase classname="exotica.practice.DataProviderPractice" name="addProductToCartTest" time="0.011"/>
  <system-out/>
</testsuite> <!-- exotica.practice.DataProviderPractice -->
