<?xml version="1.0" encoding="UTF-8"?>
<!-- Generated by org.testng.reporters.JUnitReportReporter -->
<testsuite hostname="NagArjun" failures="0" tests="3" name="exotica.practice.BaseClassPractice" time="0.007" errors="0" timestamp="2022-09-06T15:58:48 IST" skipped="0">
  <testcase classname="exotica.practice.BaseClassPractice" name="test1" time="0.005"/>
  <system-out/>
  <testcase classname="exotica.practice.BaseClassPractice" name="test3" time="0.001"/>
  <system-out/>
  <testcase classname="exotica.practice.BaseClassPractice" name="test2" time="0.001"/>
  <system-out/>
</testsuite> <!-- exotica.practice.BaseClassPractice -->
