<?xml version="1.0" encoding="UTF-8"?>
<!-- Generated by org.testng.reporters.JUnitReportReporter -->
<testsuite hostname="NagArjun" failures="0" tests="1" name="exotica.practice.CalendarPopUp" time="17.244" errors="0" timestamp="2022-09-21T12:20:34 IST" skipped="0">
  <testcase classname="exotica.practice.CalendarPopUp" name="SelectAnyDate" time="17.244"/>
  <system-out/>
</testsuite> <!-- exotica.practice.CalendarPopUp -->
